<?xml version="1.0" encoding="UTF-8"?>
<!-- Generated by org.testng.reporters.JUnitReportReporter -->
<testsuite skipped="0" hostname="LAPTOP-ULN350AU" name="XeroTest" tests="1" failures="0" timestamp="2020-03-23T17:12:51 CDT" time="6.626" errors="0">
  <testcase name="TC_ID01A_Navigate_To_Xero" time="6.626" classname="XeroTest"/>
</testsuite> <!-- XeroTest -->
