<?xml version="1.0" encoding="UTF-8"?>
<!-- Generated by org.testng.reporters.JUnitReportReporter -->
<testsuite hostname="LAPTOP-ULN350AU" name="XeroTest" tests="1" failures="0" timestamp="23 Mar 2020 22:09:30 GMT" time="6.483" errors="0">
  <testcase name="TC_ID01A_Navigate_To_Xero" time="6.483" classname="XeroTest"/>
</testsuite> <!-- XeroTest -->
